UC22GlzN_jFaGLhiO-8ZM7Gw: BBKDRAGOON
UC-2OWg_yYnoU_IAYHwJKeDw: CantPause
UCdpkTMgFiDkcAnNV7TmXntA: Cheese Turbulence
UC9HpbclQHCQCaQRYECETk0A: Cyber Dopamine
UCJfJWct8jN1RpCuVWk3zHTA: Daryl Talks Games
UCLdBr5f6RcP6l_TAP4GkhDQ: DF Clips
UC9PBzalIcEQCsiIkq36PyUA: Digital Foundry
UC_0CVCfC_3iuHqmyClu59Uw: ETA PRIME
UCqJ-Xo29CKyLTjn6z2XwYAw: Game Maker's Toolkit
UCHDxYLv8iovIbhrfl16CNyg: GameLinked
UCNvzD7Z-g64bPXxGzaQaa4g: gameranx
UCXuqSBlHAE6Xw-yeJA0Tunw: Linus Tech Tips
UCTvH45HvnOzqXvfNJqdc3xg: mossbag
UCCghUBYXUjmJWBO5GlWcxCw: nocaps
UC0fDG3byEcMtbOqPMymDNbw: Noclip
UCivETRAS-l1zO3RaR9f8PjA: Raz
UC1JTQBa5QxZCpXrFSkMxmPw: Raycevick
UCfHmyqCntYHQ81ZukNu66rg: Razbuten
UCZ7AeeVbyslLM_8-nVy2B8Q: Skill Up
UCg0FSqPeiGD_lIiPaaAehQg: Valve
UCr613nJgA50o8DUUT00qHvw: WULFF DEN
